{"C:\\Users\\fash\\Documents\\remix-pwa\\cli.ts": {"path":"C:\\Users\\fash\\Documents\\remix-pwa\\cli.ts","statementMap":{"0":{"start":{"line":1,"column":11},"end":{"line":1,"column":24}},"1":{"start":{"line":2,"column":12},"end":{"line":2,"column":31}},"2":{"start":{"line":3,"column":13},"end":{"line":3,"column":28}},"3":{"start":{"line":4,"column":17},"end":{"line":4,"column":36}},"4":{"start":{"line":5,"column":18},"end":{"line":5,"column":38}},"5":{"start":{"line":6,"column":17},"end":{"line":6,"column":36}},"6":{"start":{"line":9,"column":2},"end":{"line":10,"column":77}},"7":{"start":{"line":12,"column":2},"end":{"line":12,"column":116}},"8":{"start":{"line":14,"column":20},"end":{"line":14,"column":76}},"9":{"start":{"line":15,"column":17},"end":{"line":15,"column":70}},"10":{"start":{"line":18,"column":2},"end":{"line":21,"column":5}},"11":{"start":{"line":19,"column":24},"end":{"line":19,"column":69}},"12":{"start":{"line":20,"column":4},"end":{"line":20,"column":73}},"13":{"start":{"line":24,"column":22},"end":{"line":24,"column":103}},"14":{"start":{"line":25,"column":2},"end":{"line":25,"column":95}},"15":{"start":{"line":28,"column":24},"end":{"line":28,"column":85}},"16":{"start":{"line":29,"column":2},"end":{"line":29,"column":84}},"17":{"start":{"line":32,"column":18},"end":{"line":32,"column":56}},"18":{"start":{"line":34,"column":25},"end":{"line":34,"column":61}},"19":{"start":{"line":35,"column":24},"end":{"line":35,"column":77}},"20":{"start":{"line":37,"column":22},"end":{"line":37,"column":59}},"21":{"start":{"line":38,"column":20},"end":{"line":38,"column":38}},"22":{"start":{"line":39,"column":16},"end":{"line":39,"column":45}},"23":{"start":{"line":40,"column":21},"end":{"line":40,"column":99}},"24":{"start":{"line":41,"column":20},"end":{"line":41,"column":68}},"25":{"start":{"line":42,"column":2},"end":{"line":42,"column":40}},"26":{"start":{"line":46,"column":2},"end":{"line":59,"column":3}},"27":{"start":{"line":47,"column":4},"end":{"line":54,"column":7}},"28":{"start":{"line":48,"column":6},"end":{"line":53,"column":7}},"29":{"start":{"line":49,"column":8},"end":{"line":49,"column":21}},"30":{"start":{"line":50,"column":13},"end":{"line":53,"column":7}},"31":{"start":{"line":51,"column":28},"end":{"line":51,"column":67}},"32":{"start":{"line":52,"column":8},"end":{"line":52,"column":93}},"33":{"start":{"line":57,"column":4},"end":{"line":57,"column":105}},"34":{"start":{"line":58,"column":4},"end":{"line":58,"column":20}},"35":{"start":{"line":63,"column":2},"end":{"line":63,"column":16}},"36":{"start":{"line":64,"column":2},"end":{"line":64,"column":58}},"37":{"start":{"line":65,"column":2},"end":{"line":65,"column":16}},"38":{"start":{"line":67,"column":2},"end":{"line":67,"column":52}},"39":{"start":{"line":67,"column":29},"end":{"line":67,"column":50}},"40":{"start":{"line":69,"column":21},"end":{"line":69,"column":43}},"41":{"start":{"line":74,"column":15},"end":{"line":84,"column":4}},"42":{"start":{"line":86,"column":2},"end":{"line":86,"column":37}},"43":{"start":{"line":87,"column":2},"end":{"line":87,"column":130}},"44":{"start":{"line":89,"column":2},"end":{"line":89,"column":16}},"45":{"start":{"line":90,"column":2},"end":{"line":90,"column":65}},"46":{"start":{"line":92,"column":19},"end":{"line":92,"column":36}},"47":{"start":{"line":95,"column":22},"end":{"line":95,"column":85}},"48":{"start":{"line":96,"column":15},"end":{"line":96,"column":35}},"49":{"start":{"line":98,"column":2},"end":{"line":100,"column":3}},"50":{"start":{"line":99,"column":4},"end":{"line":99,"column":22}},"51":{"start":{"line":102,"column":2},"end":{"line":102,"column":42}},"52":{"start":{"line":103,"column":2},"end":{"line":103,"column":76}},"53":{"start":{"line":104,"column":2},"end":{"line":104,"column":190}},"54":{"start":{"line":105,"column":2},"end":{"line":105,"column":38}},"55":{"start":{"line":106,"column":2},"end":{"line":106,"column":73}},"56":{"start":{"line":107,"column":2},"end":{"line":107,"column":188}},"57":{"start":{"line":109,"column":2},"end":{"line":109,"column":55}},"58":{"start":{"line":111,"column":2},"end":{"line":113,"column":3}},"59":{"start":{"line":116,"column":0},"end":{"line":124,"column":5}},"60":{"start":{"line":118,"column":4},"end":{"line":118,"column":80}},"61":{"start":{"line":119,"column":4},"end":{"line":119,"column":20}},"62":{"start":{"line":122,"column":4},"end":{"line":122,"column":46}},"63":{"start":{"line":123,"column":4},"end":{"line":123,"column":20}}},"fnMap":{"0":{"name":"Run","decl":{"start":{"line":8,"column":15},"end":{"line":8,"column":18}},"loc":{"start":{"line":8,"column":58},"end":{"line":60,"column":1}},"line":8},"1":{"name":"(anonymous_1)","decl":{"start":{"line":18,"column":44},"end":{"line":18,"column":45}},"loc":{"start":{"line":18,"column":62},"end":{"line":21,"column":3}},"line":18},"2":{"name":"(anonymous_2)","decl":{"start":{"line":47,"column":32},"end":{"line":47,"column":33}},"loc":{"start":{"line":47,"column":52},"end":{"line":54,"column":5}},"line":47},"3":{"name":"cli","decl":{"start":{"line":62,"column":15},"end":{"line":62,"column":18}},"loc":{"start":{"line":62,"column":21},"end":{"line":114,"column":1}},"line":62},"4":{"name":"(anonymous_4)","decl":{"start":{"line":67,"column":20},"end":{"line":67,"column":21}},"loc":{"start":{"line":67,"column":29},"end":{"line":67,"column":50}},"line":67},"5":{"name":"(anonymous_5)","decl":{"start":{"line":117,"column":8},"end":{"line":117,"column":9}},"loc":{"start":{"line":117,"column":20},"end":{"line":120,"column":3}},"line":117},"6":{"name":"(anonymous_6)","decl":{"start":{"line":121,"column":9},"end":{"line":121,"column":10}},"loc":{"start":{"line":121,"column":25},"end":{"line":124,"column":3}},"line":121}},"branchMap":{"0":{"loc":{"start":{"line":9,"column":2},"end":{"line":10,"column":76}},"type":"binary-expr","locations":[{"start":{"line":9,"column":2},"end":{"line":9,"column":55}},{"start":{"line":10,"column":4},"end":{"line":10,"column":76}}],"line":9},"1":{"loc":{"start":{"line":12,"column":2},"end":{"line":12,"column":115}},"type":"binary-expr","locations":[{"start":{"line":12,"column":2},"end":{"line":12,"column":47}},{"start":{"line":12,"column":51},"end":{"line":12,"column":115}}],"line":12},"2":{"loc":{"start":{"line":48,"column":6},"end":{"line":53,"column":7}},"type":"if","locations":[{"start":{"line":48,"column":6},"end":{"line":53,"column":7}},{"start":{"line":50,"column":13},"end":{"line":53,"column":7}}],"line":48},"3":{"loc":{"start":{"line":50,"column":13},"end":{"line":53,"column":7}},"type":"if","locations":[{"start":{"line":50,"column":13},"end":{"line":53,"column":7}},{"start":{},"end":{}}],"line":50},"4":{"loc":{"start":{"line":98,"column":2},"end":{"line":100,"column":3}},"type":"if","locations":[{"start":{"line":98,"column":2},"end":{"line":100,"column":3}},{"start":{},"end":{}}],"line":98}},"s":{"0":1,"1":1,"2":1,"3":1,"4":1,"5":1,"6":0,"7":0,"8":0,"9":0,"10":0,"11":0,"12":0,"13":0,"14":0,"15":0,"16":0,"17":0,"18":0,"19":0,"20":0,"21":0,"22":0,"23":0,"24":0,"25":0,"26":0,"27":0,"28":0,"29":0,"30":0,"31":0,"32":0,"33":0,"34":0,"35":1,"36":1,"37":1,"38":1,"39":1,"40":0,"41":0,"42":0,"43":0,"44":0,"45":0,"46":0,"47":0,"48":0,"49":0,"50":0,"51":0,"52":0,"53":0,"54":0,"55":0,"56":0,"57":0,"58":0,"59":1,"60":0,"61":0,"62":0,"63":0},"f":{"0":0,"1":0,"2":0,"3":1,"4":1,"5":0,"6":0},"b":{"0":[0,0],"1":[0,0],"2":[0,0],"3":[0,0],"4":[0,0]},"_coverageSchema":"1a1c01bbd47fc00a2c39e90264f33305004495a9","hash":"d2316337f03a56c2b674b168c4189c47fdceb514"}
}
